<?xml version="1.0" encoding="UTF-8" ?>

<testsuite failures="0" time="0.107" errors="0" skipped="0" tests="3" name="BasicTest">
  <testcase classname="BasicTest" name="CoursesAndExams" time="0.024">
      </testcase>
  <testcase classname="BasicTest" name="testingYML" time="0.07">
      </testcase>
  <testcase classname="BasicTest" name="CreateandRetrieveUser" time="0.013">
      </testcase>
</testsuite>