<?xml version="1.0" encoding="UTF-8" ?>

<testsuite failures="0" time="0.029" errors="0" skipped="0" tests="2" name="BasicTest">
  <testcase classname="BasicTest" name="CoursesAndExams" time="0.022">
      </testcase>
  <testcase classname="BasicTest" name="CreateandRetrieveUser" time="0.007">
      </testcase>
</testsuite>