<?xml version="1.0" encoding="UTF-8" ?>

<testsuite failures="0" time="0.018" errors="0" skipped="0" tests="1" name="BasicTest">
  <testcase classname="BasicTest" name="CreateandRetrieveUser" time="0.018">
      </testcase>
</testsuite>